<?xml version="1.0" encoding="UTF-8"?>
<!-- Generated by org.testng.reporters.JUnitXMLReporter -->
<testsuite ignored="3" hostname="DESKTOP-B2QSJ40" failures="0" tests="1" name="Default test" time="15.781" errors="0" timestamp="21 Apr 2023 08:50:10 GMT">
  <testcase classname="com.in28minutes.datadriventests.Testingss" name="Testings" time="13.41"/>
  <testcase classname="com.in28minutes.datadriventests.Testingss" name="openBrowserTest" time="0.0">
    <ignored/>
  </testcase> <!-- openBrowserTest -->
  <testcase classname="com.in28minutes.datadriventests.Testingss" name="testvameNeshto" time="0.0">
    <ignored/>
  </testcase> <!-- testvameNeshto -->
  <testcase classname="com.in28minutes.datadriventests.Testingss" name="testCSV" time="0.0">
    <ignored/>
  </testcase> <!-- testCSV -->
</testsuite> <!-- Default test -->
